Using pre-set license
Built from '2020.3/staging' branch; Version is '2020.3.21f1 (a38c86f6690f) revision 10718342'; Using compiler version '192528614'; Build Type 'Release'
OS: 'Windows 10 Home; OS build 19043.1288; Version 2009; 64bit' Language: 'en' Physical Memory: 16322 MB
BatchMode: 1, IsHumanControllingUs: 0, StartBugReporterOnCrash: 0, Is64bit: 1, IsPro: 0

COMMAND LINE ARGUMENTS:
C:\Users\world\OneDrive\Desktop\Unity Editors\2020.3.21f1\Editor\Unity.exe
-adb2
-batchMode
-noUpm
-name
AssetImportWorker0
-projectPath
G:/Unity/Github/StructsProjectPart2/SpaceProject
-logFile
Logs/AssetImportWorker0.log
-srvPort
56690
Successfully changed project path to: G:/Unity/Github/StructsProjectPart2/SpaceProject
G:/Unity/Github/StructsProjectPart2/SpaceProject
Using Asset Import Pipeline V2.
Refreshing native plugins compatible for Editor in 67.98 ms, found 3 plugins.
Preloading 0 native plugins for Editor in 0.00 ms.
Initialize engine version: 2020.3.21f1 (a38c86f6690f)
[Subsystems] Discovering subsystems at path C:/Users/world/OneDrive/Desktop/Unity Editors/2020.3.21f1/Editor/Data/Resources/UnitySubsystems
[Subsystems] Discovering subsystems at path G:/Unity/Github/StructsProjectPart2/SpaceProject/Assets
GfxDevice: creating device client; threaded=0
Direct3D:
    Version:  Direct3D 11.0 [level 11.1]
    Renderer: NVIDIA GeForce GTX 970 (ID=0x13c2)
    Vendor:   
    VRAM:     4043 MB
Initialize mono
Mono path[0] = 'C:/Users/world/OneDrive/Desktop/Unity Editors/2020.3.21f1/Editor/Data/Managed'
Mono path[1] = 'C:/Users/world/OneDrive/Desktop/Unity Editors/2020.3.21f1/Editor/Data/MonoBleedingEdge/lib/mono/unityjit'
Mono config path = 'C:/Users/world/OneDrive/Desktop/Unity Editors/2020.3.21f1/Editor/Data/MonoBleedingEdge/etc'
Using monoOptions --debugger-agent=transport=dt_socket,embedding=1,server=y,suspend=n,address=127.0.0.1:56384
Begin MonoManager ReloadAssembly
Registering precompiled unity dll's ...
Register platform support module: C:/Users/world/OneDrive/Desktop/Unity Editors/2020.3.21f1/Editor/Data/PlaybackEngines/WindowsStandaloneSupport/UnityEditor.WindowsStandalone.Extensions.dll
Registered in 0.001817 seconds.
Native extension for WindowsStandalone target not found
Refreshing native plugins compatible for Editor in 66.98 ms, found 3 plugins.
Preloading 0 native plugins for Editor in 0.00 ms.
Mono: successfully reloaded assembly
- Completed reload, in  1.162 seconds
Domain Reload Profiling:
	ReloadAssembly (1162ms)
		BeginReloadAssembly (59ms)
			ExecutionOrderSort (0ms)
			DisableScriptedObjects (0ms)
			BackupInstance (0ms)
			ReleaseScriptingObjects (0ms)
			CreateAndSetChildDomain (1ms)
		EndReloadAssembly (492ms)
			LoadAssemblies (55ms)
			RebuildTransferFunctionScriptingTraits (0ms)
			SetupTypeCache (151ms)
			ReleaseScriptCaches (0ms)
			RebuildScriptCaches (31ms)
			SetupLoadedEditorAssemblies (214ms)
				LogAssemblyErrors (0ms)
				InitializePlatformSupportModulesInManaged (4ms)
				SetLoadedEditorAssemblies (0ms)
				RefreshPlugins (67ms)
				BeforeProcessingInitializeOnLoad (20ms)
				ProcessInitializeOnLoadAttributes (87ms)
				ProcessInitializeOnLoadMethodAttributes (35ms)
				AfterProcessingInitializeOnLoad (0ms)
				EditorAssembliesLoaded (0ms)
			ExecutionOrderSort2 (0ms)
			AwakeInstancesAfterBackupRestoration (0ms)
Platform modules already initialized, skipping
Registering precompiled user dll's ...
Registered in 0.004375 seconds.
Begin MonoManager ReloadAssembly
Native extension for WindowsStandalone target not found
Refreshing native plugins compatible for Editor in 62.08 ms, found 3 plugins.
Preloading 0 native plugins for Editor in 0.00 ms.
Mono: successfully reloaded assembly
- Completed reload, in  1.294 seconds
Domain Reload Profiling:
	ReloadAssembly (1295ms)
		BeginReloadAssembly (165ms)
			ExecutionOrderSort (0ms)
			DisableScriptedObjects (5ms)
			BackupInstance (0ms)
			ReleaseScriptingObjects (0ms)
			CreateAndSetChildDomain (25ms)
		EndReloadAssembly (1064ms)
			LoadAssemblies (101ms)
			RebuildTransferFunctionScriptingTraits (0ms)
			SetupTypeCache (356ms)
			ReleaseScriptCaches (1ms)
			RebuildScriptCaches (58ms)
			SetupLoadedEditorAssemblies (418ms)
				LogAssemblyErrors (0ms)
				InitializePlatformSupportModulesInManaged (4ms)
				SetLoadedEditorAssemblies (0ms)
				RefreshPlugins (62ms)
				BeforeProcessingInitializeOnLoad (108ms)
				ProcessInitializeOnLoadAttributes (220ms)
				ProcessInitializeOnLoadMethodAttributes (18ms)
				AfterProcessingInitializeOnLoad (6ms)
				EditorAssembliesLoaded (0ms)
			ExecutionOrderSort2 (0ms)
			AwakeInstancesAfterBackupRestoration (8ms)
Platform modules already initialized, skipping
========================================================================
Worker process is ready to serve import requests
Launched and connected shader compiler UnityShaderCompiler.exe after 0.09 seconds
Refreshing native plugins compatible for Editor in 1.29 ms, found 3 plugins.
Preloading 0 native plugins for Editor in 0.00 ms.
Unloading 3355 Unused Serialized files (Serialized files now loaded: 0)
System memory in use before: 146.2 MB.
System memory in use after: 146.4 MB.

Unloading 29 unused Assets to reduce memory usage. Loaded Objects now: 3790.
Total: 7.302100 ms (FindLiveObjects: 0.543100 ms CreateObjectMapping: 0.180400 ms MarkObjects: 6.411100 ms  DeleteObjects: 0.165500 ms)

AssetImportParameters requested are different than current active one (requested -> active):
  custom:framework-win-MediaFoundation: 216162199b28c13a410421893ffa2e32 -> 
  custom:video-decoder-ogg-theora: a1e56fd34408186e4bbccfd4996cb3dc -> 
  custom:container-muxer-webm: aa71ff27fc2769a1b78a27578f13a17b -> 
  custom:container-demuxer-webm: 4f35f7cbe854078d1ac9338744f61a02 -> 
  custom:container-demuxer-ogg: 62fdf1f143b41e24485cea50d1cbac27 -> 
  custom:video-encoder-webm-vp8: eb34c28f22e8b96e1ab97ce403110664 -> 
  custom:video-decoder-webm-vp8: 9c59270c3fd7afecdb556c50c9e8de78 -> 
  custom:audio-decoder-ogg-vorbis: bf7c407c2cedff20999df2af8eb42d56 -> 
  custom:audio-encoder-webm-vorbis: bf7c407c2cedff20999df2af8eb42d56 -> 
========================================================================
Received Import Request.
  path: Assets/Prefabs/Variants/Room Variant 6.prefab
  artifactKey: Guid(be5d9450aa0c8cd44bbb9c1f35022033) Importer(815301076,1909f56bfc062723c751e8b465ee728b)
Start importing Assets/Prefabs/Variants/Room Variant 6.prefab using Guid(be5d9450aa0c8cd44bbb9c1f35022033) Importer(815301076,1909f56bfc062723c751e8b465ee728b)  -> (artifact id: '6d873c57ee0a695128b2c9f681058a31') in 0.369422 seconds 
  Import took 0.388427 seconds .

========================================================================
Received Import Request.
  Time since last request: 5.687546 seconds.
  path: Assets/Prefabs/Variants/Room Variant 4.prefab
  artifactKey: Guid(3c553000ff709904a8373a5a31c6f463) Importer(815301076,1909f56bfc062723c751e8b465ee728b)
Start importing Assets/Prefabs/Variants/Room Variant 4.prefab using Guid(3c553000ff709904a8373a5a31c6f463) Importer(815301076,1909f56bfc062723c751e8b465ee728b)  -> (artifact id: '5825336622a22b57a15fd4712007cfa1') in 0.026122 seconds 
  Import took 0.048529 seconds .

========================================================================
Received Import Request.
  Time since last request: 9.337811 seconds.
  path: Assets/Prefabs/Variants/Room Variant 3.prefab
  artifactKey: Guid(7583db9baa67cb0459b073c45d586d35) Importer(815301076,1909f56bfc062723c751e8b465ee728b)
Start importing Assets/Prefabs/Variants/Room Variant 3.prefab using Guid(7583db9baa67cb0459b073c45d586d35) Importer(815301076,1909f56bfc062723c751e8b465ee728b)  -> (artifact id: 'c0dddfbb66a5db390737ab7659f3c751') in 0.022829 seconds 
  Import took 0.030652 seconds .

========================================================================
Received Import Request.
  Time since last request: 6.497664 seconds.
  path: Assets/Prefabs/Variants/Room Variant 3.prefab
  artifactKey: Guid(7583db9baa67cb0459b073c45d586d35) Importer(815301076,1909f56bfc062723c751e8b465ee728b)
Start importing Assets/Prefabs/Variants/Room Variant 3.prefab using Guid(7583db9baa67cb0459b073c45d586d35) Importer(815301076,1909f56bfc062723c751e8b465ee728b)  -> (artifact id: '3b1be010bad7be1cb2718b5ec386c2fa') in 0.019251 seconds 
  Import took 0.036832 seconds .

========================================================================
Received Import Request.
  Time since last request: 9.520670 seconds.
  path: Assets/Prefabs/Variants/Room Variant 2.prefab
  artifactKey: Guid(dbd491645d6c30c42a8bb2f73d8ffd5c) Importer(815301076,1909f56bfc062723c751e8b465ee728b)
Start importing Assets/Prefabs/Variants/Room Variant 2.prefab using Guid(dbd491645d6c30c42a8bb2f73d8ffd5c) Importer(815301076,1909f56bfc062723c751e8b465ee728b)  -> (artifact id: 'f3c35601c484e02a82ace090c5d86631') in 0.026510 seconds 
  Import took 0.054180 seconds .

========================================================================
Received Import Request.
  Time since last request: 7.217874 seconds.
  path: Assets/Prefabs/Variants/Room Variant 2.prefab
  artifactKey: Guid(dbd491645d6c30c42a8bb2f73d8ffd5c) Importer(815301076,1909f56bfc062723c751e8b465ee728b)
Start importing Assets/Prefabs/Variants/Room Variant 2.prefab using Guid(dbd491645d6c30c42a8bb2f73d8ffd5c) Importer(815301076,1909f56bfc062723c751e8b465ee728b)  -> (artifact id: 'a271436de28cd67683a8cde8677baf72') in 0.021725 seconds 
  Import took 0.036104 seconds .

========================================================================
Received Prepare
Registering precompiled user dll's ...
Registered in 0.003493 seconds.
Begin MonoManager ReloadAssembly
Native extension for WindowsStandalone target not found
Refreshing native plugins compatible for Editor in 0.94 ms, found 3 plugins.
Preloading 0 native plugins for Editor in 0.00 ms.
Mono: successfully reloaded assembly
- Completed reload, in  1.363 seconds
Domain Reload Profiling:
	ReloadAssembly (1363ms)
		BeginReloadAssembly (152ms)
			ExecutionOrderSort (0ms)
			DisableScriptedObjects (9ms)
			BackupInstance (0ms)
			ReleaseScriptingObjects (0ms)
			CreateAndSetChildDomain (47ms)
		EndReloadAssembly (1141ms)
			LoadAssemblies (97ms)
			RebuildTransferFunctionScriptingTraits (0ms)
			SetupTypeCache (443ms)
			ReleaseScriptCaches (2ms)
			RebuildScriptCaches (57ms)
			SetupLoadedEditorAssemblies (347ms)
				LogAssemblyErrors (0ms)
				InitializePlatformSupportModulesInManaged (5ms)
				SetLoadedEditorAssemblies (1ms)
				RefreshPlugins (1ms)
				BeforeProcessingInitializeOnLoad (104ms)
				ProcessInitializeOnLoadAttributes (219ms)
				ProcessInitializeOnLoadMethodAttributes (12ms)
				AfterProcessingInitializeOnLoad (7ms)
				EditorAssembliesLoaded (0ms)
			ExecutionOrderSort2 (0ms)
			AwakeInstancesAfterBackupRestoration (18ms)
Platform modules already initialized, skipping
Refreshing native plugins compatible for Editor in 0.81 ms, found 3 plugins.
Preloading 0 native plugins for Editor in 0.00 ms.
Unloading 3226 Unused Serialized files (Serialized files now loaded: 0)
System memory in use before: 142.4 MB.
System memory in use after: 142.7 MB.

Unloading 18 unused Assets to reduce memory usage. Loaded Objects now: 3837.
Total: 6.124600 ms (FindLiveObjects: 0.388200 ms CreateObjectMapping: 0.190700 ms MarkObjects: 5.517000 ms  DeleteObjects: 0.027400 ms)

AssetImportParameters requested are different than current active one (requested -> active):
  custom:framework-win-MediaFoundation: 216162199b28c13a410421893ffa2e32 -> 
  custom:video-decoder-ogg-theora: a1e56fd34408186e4bbccfd4996cb3dc -> 
  custom:container-muxer-webm: aa71ff27fc2769a1b78a27578f13a17b -> 
  custom:container-demuxer-webm: 4f35f7cbe854078d1ac9338744f61a02 -> 
  custom:container-demuxer-ogg: 62fdf1f143b41e24485cea50d1cbac27 -> 
  custom:video-encoder-webm-vp8: eb34c28f22e8b96e1ab97ce403110664 -> 
  custom:video-decoder-webm-vp8: 9c59270c3fd7afecdb556c50c9e8de78 -> 
  custom:audio-decoder-ogg-vorbis: bf7c407c2cedff20999df2af8eb42d56 -> 
  custom:audio-encoder-webm-vorbis: bf7c407c2cedff20999df2af8eb42d56 -> 
========================================================================
Received Import Request.
  Time since last request: 58.574590 seconds.
  path: Assets/Prefabs/Enemy 2.prefab
  artifactKey: Guid(73a21c4d2bafa5848a6675be854b9388) Importer(815301076,1909f56bfc062723c751e8b465ee728b)
Start importing Assets/Prefabs/Enemy 2.prefab using Guid(73a21c4d2bafa5848a6675be854b9388) Importer(815301076,1909f56bfc062723c751e8b465ee728b)  -> (artifact id: '339ea6b8120ea18f5c80501d434a480c') in 0.191406 seconds 
  Import took 0.219312 seconds .

========================================================================
Received Prepare
Registering precompiled user dll's ...
Registered in 0.003390 seconds.
Begin MonoManager ReloadAssembly
Native extension for WindowsStandalone target not found
Refreshing native plugins compatible for Editor in 0.89 ms, found 3 plugins.
Preloading 0 native plugins for Editor in 0.00 ms.
Mono: successfully reloaded assembly
- Completed reload, in  1.368 seconds
Domain Reload Profiling:
	ReloadAssembly (1368ms)
		BeginReloadAssembly (141ms)
			ExecutionOrderSort (0ms)
			DisableScriptedObjects (8ms)
			BackupInstance (0ms)
			ReleaseScriptingObjects (0ms)
			CreateAndSetChildDomain (51ms)
		EndReloadAssembly (1136ms)
			LoadAssemblies (113ms)
			RebuildTransferFunctionScriptingTraits (0ms)
			SetupTypeCache (394ms)
			ReleaseScriptCaches (2ms)
			RebuildScriptCaches (51ms)
			SetupLoadedEditorAssemblies (394ms)
				LogAssemblyErrors (0ms)
				InitializePlatformSupportModulesInManaged (5ms)
				SetLoadedEditorAssemblies (1ms)
				RefreshPlugins (1ms)
				BeforeProcessingInitializeOnLoad (107ms)
				ProcessInitializeOnLoadAttributes (258ms)
				ProcessInitializeOnLoadMethodAttributes (12ms)
				AfterProcessingInitializeOnLoad (10ms)
				EditorAssembliesLoaded (0ms)
			ExecutionOrderSort2 (0ms)
			AwakeInstancesAfterBackupRestoration (27ms)
Platform modules already initialized, skipping
Refreshing native plugins compatible for Editor in 0.76 ms, found 3 plugins.
Preloading 0 native plugins for Editor in 0.00 ms.
Unloading 3226 Unused Serialized files (Serialized files now loaded: 0)
System memory in use before: 142.6 MB.
System memory in use after: 142.9 MB.

Unloading 18 unused Assets to reduce memory usage. Loaded Objects now: 3875.
Total: 4.703500 ms (FindLiveObjects: 0.416100 ms CreateObjectMapping: 0.312300 ms MarkObjects: 3.952300 ms  DeleteObjects: 0.021500 ms)

AssetImportParameters requested are different than current active one (requested -> active):
  custom:framework-win-MediaFoundation: 216162199b28c13a410421893ffa2e32 -> 
  custom:video-decoder-ogg-theora: a1e56fd34408186e4bbccfd4996cb3dc -> 
  custom:container-muxer-webm: aa71ff27fc2769a1b78a27578f13a17b -> 
  custom:container-demuxer-webm: 4f35f7cbe854078d1ac9338744f61a02 -> 
  custom:container-demuxer-ogg: 62fdf1f143b41e24485cea50d1cbac27 -> 
  custom:video-encoder-webm-vp8: eb34c28f22e8b96e1ab97ce403110664 -> 
  custom:video-decoder-webm-vp8: 9c59270c3fd7afecdb556c50c9e8de78 -> 
  custom:audio-decoder-ogg-vorbis: bf7c407c2cedff20999df2af8eb42d56 -> 
  custom:audio-encoder-webm-vorbis: bf7c407c2cedff20999df2af8eb42d56 -> 
========================================================================
Received Import Request.
  Time since last request: 49.092697 seconds.
  path: Assets/Prefabs/Variants/Room Variant 4.prefab
  artifactKey: Guid(3c553000ff709904a8373a5a31c6f463) Importer(815301076,1909f56bfc062723c751e8b465ee728b)
Start importing Assets/Prefabs/Variants/Room Variant 4.prefab using Guid(3c553000ff709904a8373a5a31c6f463) Importer(815301076,1909f56bfc062723c751e8b465ee728b)  -> (artifact id: 'afac82a5bdf43c40e92f54f3d0d1d805') in 0.186421 seconds 
  Import took 0.218505 seconds .

========================================================================
Received Import Request.
  Time since last request: 4.283883 seconds.
  path: Assets/Prefabs/Variants/Room Variant 4.prefab
  artifactKey: Guid(3c553000ff709904a8373a5a31c6f463) Importer(815301076,1909f56bfc062723c751e8b465ee728b)
Start importing Assets/Prefabs/Variants/Room Variant 4.prefab using Guid(3c553000ff709904a8373a5a31c6f463) Importer(815301076,1909f56bfc062723c751e8b465ee728b)  -> (artifact id: '4a6b5de1989ac1b1d91c6fbc63912488') in 0.023884 seconds 
  Import took 0.039152 seconds .

========================================================================
Received Import Request.
  Time since last request: 12.098289 seconds.
  path: Assets/Prefabs/Variants/Room Variant 6.prefab
  artifactKey: Guid(be5d9450aa0c8cd44bbb9c1f35022033) Importer(815301076,1909f56bfc062723c751e8b465ee728b)
Start importing Assets/Prefabs/Variants/Room Variant 6.prefab using Guid(be5d9450aa0c8cd44bbb9c1f35022033) Importer(815301076,1909f56bfc062723c751e8b465ee728b)  -> (artifact id: 'c14449008aa955ab100f80b42c3b2266') in 0.018275 seconds 
  Import took 0.035020 seconds .

========================================================================
Received Import Request.
  Time since last request: 8.075674 seconds.
  path: Assets/Prefabs/Variants/Room Variant 6.prefab
  artifactKey: Guid(be5d9450aa0c8cd44bbb9c1f35022033) Importer(815301076,1909f56bfc062723c751e8b465ee728b)
Start importing Assets/Prefabs/Variants/Room Variant 6.prefab using Guid(be5d9450aa0c8cd44bbb9c1f35022033) Importer(815301076,1909f56bfc062723c751e8b465ee728b)  -> (artifact id: '46f1a870dcbba9f13801caea55a01a90') in 0.039467 seconds 
  Import took 0.064666 seconds .

========================================================================
Received Import Request.
  Time since last request: 1.550441 seconds.
  path: Assets/Prefabs/Variants/Room Variant 6.prefab
  artifactKey: Guid(be5d9450aa0c8cd44bbb9c1f35022033) Importer(815301076,1909f56bfc062723c751e8b465ee728b)
Start importing Assets/Prefabs/Variants/Room Variant 6.prefab using Guid(be5d9450aa0c8cd44bbb9c1f35022033) Importer(815301076,1909f56bfc062723c751e8b465ee728b)  -> (artifact id: 'd12bb2d4bed573a8421a73075c69dc45') in 0.025417 seconds 
  Import took 0.039240 seconds .

========================================================================
Received Import Request.
  Time since last request: 8.650962 seconds.
  path: Assets/Prefabs/Variants/Room Variant 4.prefab
  artifactKey: Guid(3c553000ff709904a8373a5a31c6f463) Importer(815301076,1909f56bfc062723c751e8b465ee728b)
Start importing Assets/Prefabs/Variants/Room Variant 4.prefab using Guid(3c553000ff709904a8373a5a31c6f463) Importer(815301076,1909f56bfc062723c751e8b465ee728b)  -> (artifact id: '681d7976ac5d8fda68c9a0de93c96177') in 0.023262 seconds 
  Import took 0.044777 seconds .

========================================================================
Received Import Request.
  Time since last request: 6.038371 seconds.
  path: Assets/Prefabs/Variants/Room Variant 3.prefab
  artifactKey: Guid(7583db9baa67cb0459b073c45d586d35) Importer(815301076,1909f56bfc062723c751e8b465ee728b)
Start importing Assets/Prefabs/Variants/Room Variant 3.prefab using Guid(7583db9baa67cb0459b073c45d586d35) Importer(815301076,1909f56bfc062723c751e8b465ee728b)  -> (artifact id: '5b98ea555e813591a7c52924dd375636') in 0.025588 seconds 
  Import took 0.046221 seconds .

========================================================================
Received Import Request.
  Time since last request: 8.275951 seconds.
  path: Assets/Prefabs/Variants/Room Variant 2.prefab
  artifactKey: Guid(dbd491645d6c30c42a8bb2f73d8ffd5c) Importer(815301076,1909f56bfc062723c751e8b465ee728b)
Start importing Assets/Prefabs/Variants/Room Variant 2.prefab using Guid(dbd491645d6c30c42a8bb2f73d8ffd5c) Importer(815301076,1909f56bfc062723c751e8b465ee728b)  -> (artifact id: 'c1730de8f16d7a35ec38e019e05d1109') in 0.031393 seconds 
  Import took 0.050791 seconds .

========================================================================
Received Import Request.
  Time since last request: 0.339677 seconds.
  path: Assets/Prefabs/Variants/Room Variant 2.prefab
  artifactKey: Guid(dbd491645d6c30c42a8bb2f73d8ffd5c) Importer(815301076,1909f56bfc062723c751e8b465ee728b)
Start importing Assets/Prefabs/Variants/Room Variant 2.prefab using Guid(dbd491645d6c30c42a8bb2f73d8ffd5c) Importer(815301076,1909f56bfc062723c751e8b465ee728b)  -> (artifact id: '1ea6fbf59a5f898ee4a52eb5e01b5ae1') in 0.025747 seconds 
  Import took 0.042154 seconds .

========================================================================
Received Prepare
Registering precompiled user dll's ...
Registered in 0.003458 seconds.
Begin MonoManager ReloadAssembly
Native extension for WindowsStandalone target not found
Refreshing native plugins compatible for Editor in 0.77 ms, found 3 plugins.
Preloading 0 native plugins for Editor in 0.00 ms.
Mono: successfully reloaded assembly
- Completed reload, in  1.318 seconds
Domain Reload Profiling:
	ReloadAssembly (1319ms)
		BeginReloadAssembly (148ms)
			ExecutionOrderSort (0ms)
			DisableScriptedObjects (11ms)
			BackupInstance (0ms)
			ReleaseScriptingObjects (0ms)
			CreateAndSetChildDomain (50ms)
		EndReloadAssembly (1093ms)
			LoadAssemblies (114ms)
			RebuildTransferFunctionScriptingTraits (0ms)
			SetupTypeCache (395ms)
			ReleaseScriptCaches (2ms)
			RebuildScriptCaches (55ms)
			SetupLoadedEditorAssemblies (352ms)
				LogAssemblyErrors (0ms)
				InitializePlatformSupportModulesInManaged (4ms)
				SetLoadedEditorAssemblies (0ms)
				RefreshPlugins (1ms)
				BeforeProcessingInitializeOnLoad (99ms)
				ProcessInitializeOnLoadAttributes (225ms)
				ProcessInitializeOnLoadMethodAttributes (15ms)
				AfterProcessingInitializeOnLoad (7ms)
				EditorAssembliesLoaded (0ms)
			ExecutionOrderSort2 (0ms)
			AwakeInstancesAfterBackupRestoration (22ms)
Platform modules already initialized, skipping
Refreshing native plugins compatible for Editor in 0.82 ms, found 3 plugins.
Preloading 0 native plugins for Editor in 0.00 ms.
Unloading 3226 Unused Serialized files (Serialized files now loaded: 0)
System memory in use before: 142.8 MB.
System memory in use after: 143.1 MB.

Unloading 18 unused Assets to reduce memory usage. Loaded Objects now: 3913.
Total: 6.371800 ms (FindLiveObjects: 0.449400 ms CreateObjectMapping: 0.344700 ms MarkObjects: 5.551700 ms  DeleteObjects: 0.024600 ms)

AssetImportParameters requested are different than current active one (requested -> active):
  custom:framework-win-MediaFoundation: 216162199b28c13a410421893ffa2e32 -> 
  custom:video-decoder-ogg-theora: a1e56fd34408186e4bbccfd4996cb3dc -> 
  custom:container-muxer-webm: aa71ff27fc2769a1b78a27578f13a17b -> 
  custom:container-demuxer-webm: 4f35f7cbe854078d1ac9338744f61a02 -> 
  custom:container-demuxer-ogg: 62fdf1f143b41e24485cea50d1cbac27 -> 
  custom:video-encoder-webm-vp8: eb34c28f22e8b96e1ab97ce403110664 -> 
  custom:video-decoder-webm-vp8: 9c59270c3fd7afecdb556c50c9e8de78 -> 
  custom:audio-decoder-ogg-vorbis: bf7c407c2cedff20999df2af8eb42d56 -> 
  custom:audio-encoder-webm-vorbis: bf7c407c2cedff20999df2af8eb42d56 -> 
========================================================================
Received Prepare
Registering precompiled user dll's ...
Registered in 0.005432 seconds.
Begin MonoManager ReloadAssembly
Native extension for WindowsStandalone target not found
Refreshing native plugins compatible for Editor in 0.86 ms, found 3 plugins.
Preloading 0 native plugins for Editor in 0.00 ms.
Mono: successfully reloaded assembly
- Completed reload, in  1.553 seconds
Domain Reload Profiling:
	ReloadAssembly (1554ms)
		BeginReloadAssembly (146ms)
			ExecutionOrderSort (0ms)
			DisableScriptedObjects (10ms)
			BackupInstance (0ms)
			ReleaseScriptingObjects (0ms)
			CreateAndSetChildDomain (45ms)
		EndReloadAssembly (1336ms)
			LoadAssemblies (116ms)
			RebuildTransferFunctionScriptingTraits (0ms)
			SetupTypeCache (506ms)
			ReleaseScriptCaches (2ms)
			RebuildScriptCaches (69ms)
			SetupLoadedEditorAssemblies (434ms)
				LogAssemblyErrors (0ms)
				InitializePlatformSupportModulesInManaged (6ms)
				SetLoadedEditorAssemblies (1ms)
				RefreshPlugins (1ms)
				BeforeProcessingInitializeOnLoad (121ms)
				ProcessInitializeOnLoadAttributes (282ms)
				ProcessInitializeOnLoadMethodAttributes (16ms)
				AfterProcessingInitializeOnLoad (8ms)
				EditorAssembliesLoaded (0ms)
			ExecutionOrderSort2 (0ms)
			AwakeInstancesAfterBackupRestoration (27ms)
Platform modules already initialized, skipping
Refreshing native plugins compatible for Editor in 1.25 ms, found 3 plugins.
Preloading 0 native plugins for Editor in 0.00 ms.
Unloading 3226 Unused Serialized files (Serialized files now loaded: 0)
System memory in use before: 142.8 MB.
System memory in use after: 143.1 MB.

Unloading 18 unused Assets to reduce memory usage. Loaded Objects now: 3915.
Total: 5.661600 ms (FindLiveObjects: 0.372800 ms CreateObjectMapping: 0.155000 ms MarkObjects: 5.109700 ms  DeleteObjects: 0.022800 ms)

AssetImportParameters requested are different than current active one (requested -> active):
  custom:framework-win-MediaFoundation: 216162199b28c13a410421893ffa2e32 -> 
  custom:video-decoder-ogg-theora: a1e56fd34408186e4bbccfd4996cb3dc -> 
  custom:container-muxer-webm: aa71ff27fc2769a1b78a27578f13a17b -> 
  custom:container-demuxer-webm: 4f35f7cbe854078d1ac9338744f61a02 -> 
  custom:container-demuxer-ogg: 62fdf1f143b41e24485cea50d1cbac27 -> 
  custom:video-encoder-webm-vp8: eb34c28f22e8b96e1ab97ce403110664 -> 
  custom:video-decoder-webm-vp8: 9c59270c3fd7afecdb556c50c9e8de78 -> 
  custom:audio-decoder-ogg-vorbis: bf7c407c2cedff20999df2af8eb42d56 -> 
  custom:audio-encoder-webm-vorbis: bf7c407c2cedff20999df2af8eb42d56 -> 
========================================================================
Received Import Request.
  Time since last request: 36.005247 seconds.
  path: Assets/Prefabs/Enemy 2.prefab
  artifactKey: Guid(73a21c4d2bafa5848a6675be854b9388) Importer(815301076,1909f56bfc062723c751e8b465ee728b)
Start importing Assets/Prefabs/Enemy 2.prefab using Guid(73a21c4d2bafa5848a6675be854b9388) Importer(815301076,1909f56bfc062723c751e8b465ee728b)  -> (artifact id: '07b380e1bdfb6dec85c9018556a3a851') in 0.221574 seconds 
  Import took 0.230872 seconds .

========================================================================
Received Import Request.
  Time since last request: 0.000296 seconds.
  path: Assets/Prefabs/Enemy.prefab
  artifactKey: Guid(c54749f49425a2e4dadb6084507bfa1b) Importer(815301076,1909f56bfc062723c751e8b465ee728b)
Start importing Assets/Prefabs/Enemy.prefab using Guid(c54749f49425a2e4dadb6084507bfa1b) Importer(815301076,1909f56bfc062723c751e8b465ee728b)  -> (artifact id: '631b3c36fe6aa1d19dd02fe81fe3344d') in 0.017206 seconds 
  Import took 0.038797 seconds .

========================================================================
Received Import Request.
  Time since last request: 89.195880 seconds.
  path: Assets/Scripts/Enemy.cs
  artifactKey: Guid(2c7049c7f0973c748adefb40b3c91efd) Importer(815301076,1909f56bfc062723c751e8b465ee728b)
Start importing Assets/Scripts/Enemy.cs using Guid(2c7049c7f0973c748adefb40b3c91efd) Importer(815301076,1909f56bfc062723c751e8b465ee728b)  -> (artifact id: 'fcf36e563b3b8379c865d9ac1fdd4301') in 0.015185 seconds 
  Import took 0.041639 seconds .

